<?xml version="1.0" encoding="UTF-8"?>
<!-- Generated by org.testng.reporters.JUnitXMLReporter -->
<testsuite ignored="0" hostname="Rinaldo" failures="0" tests="4" name="TestMethod" time="12.362" errors="0" timestamp="2023-12-17T17:47:34 IST">
  <testcase classname="com.mystore.testcases.ChromeTestClass" name="goToFacebook" time="0.977"/>
  <testcase classname="com.mystore.testcases.ChromeTestClass" name="goToAmazon" time="2.148"/>
  <testcase classname="com.mystore.testcases.FirefoxTestClass" name="openInstagram" time="1.492"/>
  <testcase classname="com.mystore.testcases.FirefoxTestClass" name="openTwitter" time="3.294"/>
</testsuite> <!-- TestMethod -->
