<?xml version="1.0" encoding="UTF-8"?>
<!-- Generated by org.testng.reporters.JUnitXMLReporter -->
<testsuite ignored="0" hostname="Rinaldo" failures="1" tests="1" name="Test" time="26.241" errors="0" timestamp="2023-12-15T19:34:31 IST">
  <testcase classname="com.mystore.testcases.LoginTest" name="loginTestWithValidCreds" time="18.512">
    <failure type="java.lang.AssertionError" message="expected [false] but found [true]">
      <![CDATA[java.lang.AssertionError: expected [false] but found [true]
at com.mystore.testcases.LoginTest.loginTestWithValidCreds(LoginTest.java:71)
at java.base/java.util.ArrayList.forEach(ArrayList.java:1511)
... Removed 33 stack frames]]>
    </failure>
  </testcase> <!-- loginTestWithValidCreds -->
</testsuite> <!-- Test -->
