<?xml version="1.0" encoding="UTF-8"?>
<!-- Generated by org.testng.reporters.JUnitXMLReporter -->
<testsuite ignored="0" hostname="Rinaldo" failures="0" tests="4" name="Method1" time="17.17" errors="0" timestamp="2023-12-17T18:10:27 IST">
  <testcase classname="com.mystore.testcases.ChromeTestClass" name="goToAmazon" time="1.971"/>
  <testcase classname="com.mystore.testcases.ChromeTestClass" name="goToFacebook" time="1.144"/>
  <testcase classname="com.mystore.testcases.FirefoxTestClass" name="openInstagram" time="1.171"/>
  <testcase classname="com.mystore.testcases.FirefoxTestClass" name="openTwitter" time="3.32"/>
</testsuite> <!-- Method1 -->
